<?xml version="1.0" encoding="UTF-8"?>

<!-- Generated by org.testng.reporters.JUnitReportReporter -->
<testsuite skipped="0" hostname="DESKTOP-4QCETN2" name="com.training.sanity.tests.LoginTests" tests="1" failures="0" timestamp="18 Dec 2018 11:13:08 GMT" time="14.879" errors="0">
  <testcase name="validLoginTest" time="14.879" classname="com.training.sanity.tests.LoginTests"/>
  
</testsuite> <!-- com.training.sanity.tests.LoginTests -->
